# JRE version: Java(TM) SE Runtime Environment (17.0.7+8) (build 17.0.7+8-LTS-224)
# Java VM: Java HotSpot(TM) 64-Bit Server VM (17.0.7+8-LTS-224, mixed mode, emulated-client, sharing, tiered, compressed oops, compressed class ptrs, g1 gc, windows-amd64)
GC Precious Log:
 CPUs: 8 total, 8 available
 Memory: 16144M
 Large Page Support: Disabled
 NUMA Support: Disabled
 Compressed Oops: Enabled (Zero based)
 Heap Region Size: 2M
 Heap Min Capacity: 8M
 Heap Initial Capacity: 254M
 Heap Max Capacity: 4038M
 Pre-touch: Disabled
 Parallel Workers: 8
 Concurrent Workers: 2
 Concurrent Refinement Workers: 8
 Periodic GC: Disabled
Heap:
 garbage-first heap   total 354304K, used 133407K [0x0000000703a00000, 0x0000000800000000)
  region size 2048K, 46 young (94208K), 2 survivors (4096K)
 Metaspace       used 18632K, committed 19072K, reserved 1073152K
  class space    used 2567K, committed 2816K, reserved 1048576K
GC Heap History (10 events):
Event: 0.461 GC heap before
{Heap before GC invocations=0 (full 0):
 garbage-first heap   total 260096K, used 22528K [0x0000000703a00000, 0x0000000800000000)
  region size 2048K, 11 young (22528K), 0 survivors (0K)
 Metaspace       used 3505K, committed 3712K, reserved 1056768K
  class space    used 403K, committed 512K, reserved 1048576K
}
Event: 0.466 GC heap after
{Heap after GC invocations=1 (full 0):
 garbage-first heap   total 260096K, used 11200K [0x0000000703a00000, 0x0000000800000000)
  region size 2048K, 2 young (4096K), 2 survivors (4096K)
 Metaspace       used 3505K, committed 3712K, reserved 1056768K
  class space    used 403K, committed 512K, reserved 1048576K
}
Event: 0.642 GC heap before
{Heap before GC invocations=1 (full 0):
 garbage-first heap   total 260096K, used 29632K [0x0000000703a00000, 0x0000000800000000)
  region size 2048K, 10 young (20480K), 2 survivors (4096K)
 Metaspace       used 3729K, committed 3968K, reserved 1056768K
  class space    used 447K, committed 576K, reserved 1048576K
}
Event: 0.650 GC heap after
{Heap after GC invocations=2 (full 0):
 garbage-first heap   total 260096K, used 22479K [0x0000000703a00000, 0x0000000800000000)
  region size 2048K, 2 young (4096K), 2 survivors (4096K)
 Metaspace       used 3729K, committed 3968K, reserved 1056768K
  class space    used 447K, committed 576K, reserved 1048576K
}
Event: 0.766 GC heap before
{Heap before GC invocations=2 (full 0):
 garbage-first heap   total 260096K, used 47055K [0x0000000703a00000, 0x0000000800000000)
  region size 2048K, 14 young (28672K), 2 survivors (4096K)
 Metaspace       used 3729K, committed 3968K, reserved 1056768K
  class space    used 447K, committed 576K, reserved 1048576K
}
Event: 0.773 GC heap after
{Heap after GC invocations=3 (full 0):
 garbage-first heap   total 260096K, used 28889K [0x0000000703a00000, 0x0000000800000000)
  region size 2048K, 2 young (4096K), 2 survivors (4096K)
 Metaspace       used 3729K, committed 3968K, reserved 1056768K
  class space    used 447K, committed 576K, reserved 1048576K
}
Event: 1.091 GC heap before
{Heap before GC invocations=3 (full 0):
 garbage-first heap   total 260096K, used 75993K [0x0000000703a00000, 0x0000000800000000)
  region size 2048K, 25 young (51200K), 2 survivors (4096K)
 Metaspace       used 6321K, committed 6592K, reserved 1056768K
  class space    used 816K, committed 960K, reserved 1048576K
}
Event: 1.104 GC heap after
{Heap after GC invocations=4 (full 0):
 garbage-first heap   total 260096K, used 42168K [0x0000000703a00000, 0x0000000800000000)
  region size 2048K, 4 young (8192K), 4 survivors (8192K)
 Metaspace       used 6321K, committed 6592K, reserved 1056768K
  class space    used 816K, committed 960K, reserved 1048576K
}
Event: 1.417 GC heap before
{Heap before GC invocations=4 (full 0):
 garbage-first heap   total 260096K, used 72888K [0x0000000703a00000, 0x0000000800000000)
  region size 2048K, 19 young (38912K), 4 survivors (8192K)
 Metaspace       used 10173K, committed 10496K, reserved 1064960K
  class space    used 1319K, committed 1472K, reserved 1048576K
}
Event: 1.426 GC heap after
{Heap after GC invocations=5 (full 0):
 garbage-first heap   total 354304K, used 45343K [0x0000000703a00000, 0x0000000800000000)
  region size 2048K, 2 young (4096K), 2 survivors (4096K)
 Metaspace       used 10173K, committed 10496K, reserved 1064960K
  class space    used 1319K, committed 1472K, reserved 1048576K
}

